[2020-11-18 01:40:42.206] [exthost] [info] extension host started
[2020-11-18 01:40:42.235] [exthost] [info] ExtensionService#_doActivateExtension vscode.microsoft-authentication {"startup":false,"extensionId":{"value":"vscode.microsoft-authentication","_lower":"vscode.microsoft-authentication"},"activationEvent":"onAuthenticationRequest:microsoft"}
[2020-11-18 01:40:42.236] [exthost] [info] ExtensionService#loadCommonJSModule file:///usr/share/code/resources/app/extensions/microsoft-authentication/dist/extension.js
[2020-11-18 01:40:42.418] [exthost] [info] ExtensionService#_doActivateExtension aaron-bond.better-comments {"startup":false,"extensionId":{"value":"aaron-bond.better-comments","_lower":"aaron-bond.better-comments"},"activationEvent":"onLanguage:plaintext"}
[2020-11-18 01:40:42.419] [exthost] [info] ExtensionService#loadCommonJSModule file:///home/iqbaladudu/.vscode/extensions/aaron-bond.better-comments-2.1.0/out/extension
[2020-11-18 01:40:42.590] [exthost] [info] ExtensionService#_doActivateExtension ms-vscode.js-debug {"startup":false,"extensionId":{"value":"ms-vscode.js-debug","_lower":"ms-vscode.js-debug"},"activationEvent":"onDebugDynamicConfigurations"}
[2020-11-18 01:40:42.590] [exthost] [info] ExtensionService#loadCommonJSModule file:///usr/share/code/resources/app/extensions/ms-vscode.js-debug/src/extension.js
[2020-11-18 01:40:43.388] [exthost] [info] ExtensionService#_doActivateExtension vscode.debug-auto-launch {"startup":true,"extensionId":{"value":"vscode.debug-auto-launch","_lower":"vscode.debug-auto-launch"},"activationEvent":"*"}
[2020-11-18 01:40:43.388] [exthost] [info] ExtensionService#loadCommonJSModule file:///usr/share/code/resources/app/extensions/debug-auto-launch/dist/extension
[2020-11-18 01:40:43.409] [exthost] [info] ExtensionService#_doActivateExtension vscode.emmet {"startup":true,"extensionId":{"value":"vscode.emmet","_lower":"vscode.emmet"},"activationEvent":"*"}
[2020-11-18 01:40:43.409] [exthost] [info] ExtensionService#loadCommonJSModule file:///usr/share/code/resources/app/extensions/emmet/dist/node/emmetNodeMain
[2020-11-18 01:40:43.453] [exthost] [info] ExtensionService#_doActivateExtension vscode.git {"startup":true,"extensionId":{"value":"vscode.github","_lower":"vscode.github"},"activationEvent":"*"}
[2020-11-18 01:40:43.454] [exthost] [info] ExtensionService#loadCommonJSModule file:///usr/share/code/resources/app/extensions/git/dist/main
[2020-11-18 01:40:43.561] [exthost] [info] ExtensionService#_doActivateExtension vscode.merge-conflict {"startup":true,"extensionId":{"value":"vscode.merge-conflict","_lower":"vscode.merge-conflict"},"activationEvent":"*"}
[2020-11-18 01:40:43.561] [exthost] [info] ExtensionService#loadCommonJSModule file:///usr/share/code/resources/app/extensions/merge-conflict/dist/mergeConflictMain
[2020-11-18 01:40:43.565] [exthost] [info] ExtensionService#_doActivateExtension vscode.search-result {"startup":true,"extensionId":{"value":"vscode.search-result","_lower":"vscode.search-result"},"activationEvent":"*"}
[2020-11-18 01:40:43.565] [exthost] [info] ExtensionService#loadCommonJSModule file:///usr/share/code/resources/app/extensions/search-result/dist/extension.js
[2020-11-18 01:40:43.588] [exthost] [info] ExtensionService#_doActivateExtension 2gua.rainbow-brackets {"startup":true,"extensionId":{"value":"2gua.rainbow-brackets","_lower":"2gua.rainbow-brackets"},"activationEvent":"*"}
[2020-11-18 01:40:43.588] [exthost] [info] ExtensionService#loadCommonJSModule file:///home/iqbaladudu/.vscode/extensions/2gua.rainbow-brackets-0.0.6/out/src/extension
[2020-11-18 01:40:43.635] [exthost] [info] ExtensionService#_doActivateExtension alefragnani.project-manager {"startup":true,"extensionId":{"value":"alefragnani.project-manager","_lower":"alefragnani.project-manager"},"activationEvent":"*"}
[2020-11-18 01:40:43.635] [exthost] [info] ExtensionService#loadCommonJSModule file:///home/iqbaladudu/.vscode/extensions/alefragnani.project-manager-11.3.1/dist/extension
[2020-11-18 01:40:43.679] [exthost] [info] ExtensionService#_doActivateExtension christian-kohler.path-intellisense {"startup":true,"extensionId":{"value":"christian-kohler.path-intellisense","_lower":"christian-kohler.path-intellisense"},"activationEvent":"*"}
[2020-11-18 01:40:43.679] [exthost] [info] ExtensionService#loadCommonJSModule file:///home/iqbaladudu/.vscode/extensions/christian-kohler.path-intellisense-2.3.0/out/extension.js
[2020-11-18 01:40:43.886] [exthost] [info] ExtensionService#_doActivateExtension CoenraadS.bracket-pair-colorizer {"startup":true,"extensionId":{"value":"CoenraadS.bracket-pair-colorizer","_lower":"coenraads.bracket-pair-colorizer"},"activationEvent":"*"}
[2020-11-18 01:40:43.886] [exthost] [info] ExtensionService#loadCommonJSModule file:///home/iqbaladudu/.vscode/extensions/coenraads.bracket-pair-colorizer-1.0.61/out/src/extension
[2020-11-18 01:40:43.948] [exthost] [info] ExtensionService#_doActivateExtension CoenraadS.bracket-pair-colorizer-2 {"startup":true,"extensionId":{"value":"CoenraadS.bracket-pair-colorizer-2","_lower":"coenraads.bracket-pair-colorizer-2"},"activationEvent":"*"}
[2020-11-18 01:40:43.948] [exthost] [info] ExtensionService#loadCommonJSModule file:///home/iqbaladudu/.vscode/extensions/coenraads.bracket-pair-colorizer-2-0.2.0/out/src/extension
[2020-11-18 01:40:44.081] [exthost] [info] ExtensionService#_doActivateExtension formulahendry.auto-rename-tag {"startup":true,"extensionId":{"value":"formulahendry.auto-rename-tag","_lower":"formulahendry.auto-rename-tag"},"activationEvent":"*"}
[2020-11-18 01:40:44.081] [exthost] [info] ExtensionService#loadCommonJSModule file:///home/iqbaladudu/.vscode/extensions/formulahendry.auto-rename-tag-0.1.5/packages/extension/dist/extensionMain.js
[2020-11-18 01:40:44.146] [exthost] [info] ExtensionService#_doActivateExtension HookyQR.beautify {"startup":true,"extensionId":{"value":"HookyQR.beautify","_lower":"hookyqr.beautify"},"activationEvent":"*"}
[2020-11-18 01:40:44.147] [exthost] [info] ExtensionService#loadCommonJSModule file:///home/iqbaladudu/.vscode/extensions/hookyqr.beautify-1.5.0/extension
[2020-11-18 01:40:44.391] [exthost] [info] ExtensionService#_doActivateExtension ionutvmi.path-autocomplete {"startup":true,"extensionId":{"value":"ionutvmi.path-autocomplete","_lower":"ionutvmi.path-autocomplete"},"activationEvent":"*"}
[2020-11-18 01:40:44.391] [exthost] [info] ExtensionService#loadCommonJSModule file:///home/iqbaladudu/.vscode/extensions/ionutvmi.path-autocomplete-1.15.0/out/src/extension
[2020-11-18 01:40:44.450] [exthost] [info] ExtensionService#_doActivateExtension kiteco.kite {"startup":true,"extensionId":{"value":"kiteco.kite","_lower":"kiteco.kite"},"activationEvent":"*"}
[2020-11-18 01:40:44.451] [exthost] [info] ExtensionService#loadCommonJSModule file:///home/iqbaladudu/.vscode/extensions/kiteco.kite-0.134.0/dist/kite-extension
[2020-11-18 01:40:44.535] [exthost] [info] ExtensionService#_doActivateExtension naumovs.color-highlight {"startup":true,"extensionId":{"value":"naumovs.color-highlight","_lower":"naumovs.color-highlight"},"activationEvent":"*"}
[2020-11-18 01:40:44.535] [exthost] [info] ExtensionService#loadCommonJSModule file:///home/iqbaladudu/.vscode/extensions/naumovs.color-highlight-2.3.0/dist/extension
[2020-11-18 01:40:44.549] [exthost] [info] ExtensionService#_doActivateExtension oderwat.indent-rainbow {"startup":true,"extensionId":{"value":"oderwat.indent-rainbow","_lower":"oderwat.indent-rainbow"},"activationEvent":"*"}
[2020-11-18 01:40:44.549] [exthost] [info] ExtensionService#loadCommonJSModule file:///home/iqbaladudu/.vscode/extensions/oderwat.indent-rainbow-7.4.0/out/extension
[2020-11-18 01:40:44.586] [exthost] [info] ExtensionService#_doActivateExtension PKief.material-icon-theme {"startup":true,"extensionId":{"value":"PKief.material-icon-theme","_lower":"pkief.material-icon-theme"},"activationEvent":"*"}
[2020-11-18 01:40:44.586] [exthost] [info] ExtensionService#loadCommonJSModule file:///home/iqbaladudu/.vscode/extensions/pkief.material-icon-theme-4.4.0/dist/extension
[2020-11-18 01:40:44.645] [exthost] [info] ExtensionService#_doActivateExtension ritwickdey.LiveServer {"startup":true,"extensionId":{"value":"ritwickdey.LiveServer","_lower":"ritwickdey.liveserver"},"activationEvent":"*"}
[2020-11-18 01:40:44.645] [exthost] [info] ExtensionService#loadCommonJSModule file:///home/iqbaladudu/.vscode/extensions/ritwickdey.liveserver-5.6.1/out/src/extension
[2020-11-18 01:40:46.679] [exthost] [info] ExtensionService#_doActivateExtension vscode-icons-team.vscode-icons {"startup":true,"extensionId":{"value":"vscode-icons-team.vscode-icons","_lower":"vscode-icons-team.vscode-icons"},"activationEvent":"*"}
[2020-11-18 01:40:46.679] [exthost] [info] ExtensionService#loadCommonJSModule file:///home/iqbaladudu/.vscode/extensions/vscode-icons-team.vscode-icons-11.0.0/dist/src/vscode-icons.bundle.js
[2020-11-18 01:40:46.752] [exthost] [info] ExtensionService#_doActivateExtension WallabyJs.quokka-vscode {"startup":true,"extensionId":{"value":"WallabyJs.quokka-vscode","_lower":"wallabyjs.quokka-vscode"},"activationEvent":"*"}
[2020-11-18 01:40:46.752] [exthost] [info] ExtensionService#loadCommonJSModule file:///home/iqbaladudu/.vscode/extensions/wallabyjs.quokka-vscode-1.0.331/index
[2020-11-18 01:40:46.767] [exthost] [info] ExtensionService#_doActivateExtension Wscats.eno {"startup":true,"extensionId":{"value":"Wscats.eno","_lower":"wscats.eno"},"activationEvent":"*"}
[2020-11-18 01:40:46.767] [exthost] [info] ExtensionService#loadCommonJSModule file:///home/iqbaladudu/.vscode/extensions/wscats.eno-2.3.22/out/extension.js
[2020-11-18 01:40:54.335] [exthost] [info] ExtensionService#_doActivateExtension Zignd.html-css-class-completion {"startup":true,"extensionId":{"value":"Zignd.html-css-class-completion","_lower":"zignd.html-css-class-completion"},"activationEvent":"*"}
[2020-11-18 01:40:54.335] [exthost] [info] ExtensionService#loadCommonJSModule file:///home/iqbaladudu/.vscode/extensions/zignd.html-css-class-completion-1.19.0/out/src/extension
[2020-11-18 01:40:58.186] [exthost] [info] ExtensionService#_doActivateExtension dbaeumer.vscode-eslint {"startup":false,"extensionId":{"value":"dbaeumer.vscode-eslint","_lower":"dbaeumer.vscode-eslint"},"activationEvent":"onStartupFinished"}
[2020-11-18 01:40:58.186] [exthost] [info] ExtensionService#loadCommonJSModule file:///home/iqbaladudu/.vscode/extensions/dbaeumer.vscode-eslint-2.1.13/client/out/extension
[2020-11-18 01:40:58.443] [exthost] [info] ExtensionService#_doActivateExtension esbenp.prettier-vscode {"startup":false,"extensionId":{"value":"esbenp.prettier-vscode","_lower":"esbenp.prettier-vscode"},"activationEvent":"onStartupFinished"}
[2020-11-18 01:40:58.443] [exthost] [info] ExtensionService#loadCommonJSModule file:///home/iqbaladudu/.vscode/extensions/esbenp.prettier-vscode-5.7.2/dist/extension
[2020-11-18 01:40:59.361] [exthost] [info] ExtensionService#_doActivateExtension vscode.github-authentication {"startup":false,"extensionId":{"value":"vscode.github-authentication","_lower":"vscode.github-authentication"},"activationEvent":"onAuthenticationRequest:github"}
[2020-11-18 01:40:59.361] [exthost] [info] ExtensionService#loadCommonJSModule file:///usr/share/code/resources/app/extensions/github-authentication/dist/extension.js
[2020-11-18 01:41:14.701] [exthost] [info] ExtensionService#_doActivateExtension vscode.github {"startup":true,"extensionId":{"value":"vscode.github","_lower":"vscode.github"},"activationEvent":"*"}
[2020-11-18 01:41:14.701] [exthost] [info] ExtensionService#loadCommonJSModule file:///usr/share/code/resources/app/extensions/github/dist/extension.js
[2020-11-18 01:41:14.805] [exthost] [info] eager extensions activated
[2020-11-18 01:41:50.725] [exthost] [info] extension host started
[2020-11-18 01:41:50.829] [exthost] [info] ExtensionService#_doActivateExtension vscode.microsoft-authentication {"startup":false,"extensionId":{"value":"vscode.microsoft-authentication","_lower":"vscode.microsoft-authentication"},"activationEvent":"onAuthenticationRequest:microsoft"}
[2020-11-18 01:41:50.829] [exthost] [info] ExtensionService#loadCommonJSModule file:///usr/share/code/resources/app/extensions/microsoft-authentication/dist/extension.js
[2020-11-18 01:41:50.848] [exthost] [info] ExtensionService#_doActivateExtension aaron-bond.better-comments {"startup":false,"extensionId":{"value":"aaron-bond.better-comments","_lower":"aaron-bond.better-comments"},"activationEvent":"onLanguage:plaintext"}
[2020-11-18 01:41:50.848] [exthost] [info] ExtensionService#loadCommonJSModule file:///home/iqbaladudu/.vscode/extensions/aaron-bond.better-comments-2.1.0/out/extension
[2020-11-18 01:41:50.850] [exthost] [info] ExtensionService#_doActivateExtension ms-vscode.js-debug {"startup":false,"extensionId":{"value":"ms-vscode.js-debug","_lower":"ms-vscode.js-debug"},"activationEvent":"onDebugDynamicConfigurations"}
[2020-11-18 01:41:50.850] [exthost] [info] ExtensionService#loadCommonJSModule file:///usr/share/code/resources/app/extensions/ms-vscode.js-debug/src/extension.js
[2020-11-18 01:41:50.959] [exthost] [info] ExtensionService#_doActivateExtension vscode.debug-auto-launch {"startup":true,"extensionId":{"value":"vscode.debug-auto-launch","_lower":"vscode.debug-auto-launch"},"activationEvent":"*"}
[2020-11-18 01:41:50.959] [exthost] [info] ExtensionService#loadCommonJSModule file:///usr/share/code/resources/app/extensions/debug-auto-launch/dist/extension
[2020-11-18 01:41:50.960] [exthost] [info] ExtensionService#_doActivateExtension vscode.emmet {"startup":true,"extensionId":{"value":"vscode.emmet","_lower":"vscode.emmet"},"activationEvent":"*"}
[2020-11-18 01:41:50.960] [exthost] [info] ExtensionService#loadCommonJSModule file:///usr/share/code/resources/app/extensions/emmet/dist/node/emmetNodeMain
[2020-11-18 01:41:50.967] [exthost] [info] ExtensionService#_doActivateExtension vscode.git {"startup":true,"extensionId":{"value":"vscode.github","_lower":"vscode.github"},"activationEvent":"*"}
[2020-11-18 01:41:50.968] [exthost] [info] ExtensionService#loadCommonJSModule file:///usr/share/code/resources/app/extensions/git/dist/main
[2020-11-18 01:41:50.978] [exthost] [info] ExtensionService#_doActivateExtension vscode.merge-conflict {"startup":true,"extensionId":{"value":"vscode.merge-conflict","_lower":"vscode.merge-conflict"},"activationEvent":"*"}
[2020-11-18 01:41:50.978] [exthost] [info] ExtensionService#loadCommonJSModule file:///usr/share/code/resources/app/extensions/merge-conflict/dist/mergeConflictMain
[2020-11-18 01:41:50.980] [exthost] [info] ExtensionService#_doActivateExtension vscode.search-result {"startup":true,"extensionId":{"value":"vscode.search-result","_lower":"vscode.search-result"},"activationEvent":"*"}
[2020-11-18 01:41:50.980] [exthost] [info] ExtensionService#loadCommonJSModule file:///usr/share/code/resources/app/extensions/search-result/dist/extension.js
[2020-11-18 01:41:50.981] [exthost] [info] ExtensionService#_doActivateExtension 2gua.rainbow-brackets {"startup":true,"extensionId":{"value":"2gua.rainbow-brackets","_lower":"2gua.rainbow-brackets"},"activationEvent":"*"}
[2020-11-18 01:41:50.981] [exthost] [info] ExtensionService#loadCommonJSModule file:///home/iqbaladudu/.vscode/extensions/2gua.rainbow-brackets-0.0.6/out/src/extension
[2020-11-18 01:41:50.982] [exthost] [info] ExtensionService#_doActivateExtension alefragnani.project-manager {"startup":true,"extensionId":{"value":"alefragnani.project-manager","_lower":"alefragnani.project-manager"},"activationEvent":"*"}
[2020-11-18 01:41:50.982] [exthost] [info] ExtensionService#loadCommonJSModule file:///home/iqbaladudu/.vscode/extensions/alefragnani.project-manager-11.3.1/dist/extension
[2020-11-18 01:41:50.993] [exthost] [info] ExtensionService#_doActivateExtension christian-kohler.path-intellisense {"startup":true,"extensionId":{"value":"christian-kohler.path-intellisense","_lower":"christian-kohler.path-intellisense"},"activationEvent":"*"}
[2020-11-18 01:41:50.993] [exthost] [info] ExtensionService#loadCommonJSModule file:///home/iqbaladudu/.vscode/extensions/christian-kohler.path-intellisense-2.3.0/out/extension.js
[2020-11-18 01:41:51.011] [exthost] [info] ExtensionService#_doActivateExtension CoenraadS.bracket-pair-colorizer {"startup":true,"extensionId":{"value":"CoenraadS.bracket-pair-colorizer","_lower":"coenraads.bracket-pair-colorizer"},"activationEvent":"*"}
[2020-11-18 01:41:51.011] [exthost] [info] ExtensionService#loadCommonJSModule file:///home/iqbaladudu/.vscode/extensions/coenraads.bracket-pair-colorizer-1.0.61/out/src/extension
[2020-11-18 01:41:51.021] [exthost] [info] ExtensionService#_doActivateExtension CoenraadS.bracket-pair-colorizer-2 {"startup":true,"extensionId":{"value":"CoenraadS.bracket-pair-colorizer-2","_lower":"coenraads.bracket-pair-colorizer-2"},"activationEvent":"*"}
[2020-11-18 01:41:51.021] [exthost] [info] ExtensionService#loadCommonJSModule file:///home/iqbaladudu/.vscode/extensions/coenraads.bracket-pair-colorizer-2-0.2.0/out/src/extension
[2020-11-18 01:41:51.036] [exthost] [info] ExtensionService#_doActivateExtension formulahendry.auto-rename-tag {"startup":true,"extensionId":{"value":"formulahendry.auto-rename-tag","_lower":"formulahendry.auto-rename-tag"},"activationEvent":"*"}
[2020-11-18 01:41:51.036] [exthost] [info] ExtensionService#loadCommonJSModule file:///home/iqbaladudu/.vscode/extensions/formulahendry.auto-rename-tag-0.1.5/packages/extension/dist/extensionMain.js
[2020-11-18 01:41:51.040] [exthost] [info] ExtensionService#_doActivateExtension HookyQR.beautify {"startup":true,"extensionId":{"value":"HookyQR.beautify","_lower":"hookyqr.beautify"},"activationEvent":"*"}
[2020-11-18 01:41:51.040] [exthost] [info] ExtensionService#loadCommonJSModule file:///home/iqbaladudu/.vscode/extensions/hookyqr.beautify-1.5.0/extension
[2020-11-18 01:41:51.068] [exthost] [info] ExtensionService#_doActivateExtension ionutvmi.path-autocomplete {"startup":true,"extensionId":{"value":"ionutvmi.path-autocomplete","_lower":"ionutvmi.path-autocomplete"},"activationEvent":"*"}
[2020-11-18 01:41:51.068] [exthost] [info] ExtensionService#loadCommonJSModule file:///home/iqbaladudu/.vscode/extensions/ionutvmi.path-autocomplete-1.15.0/out/src/extension
[2020-11-18 01:41:51.072] [exthost] [info] ExtensionService#_doActivateExtension kiteco.kite {"startup":true,"extensionId":{"value":"kiteco.kite","_lower":"kiteco.kite"},"activationEvent":"*"}
[2020-11-18 01:41:51.072] [exthost] [info] ExtensionService#loadCommonJSModule file:///home/iqbaladudu/.vscode/extensions/kiteco.kite-0.134.0/dist/kite-extension
[2020-11-18 01:41:51.082] [exthost] [info] ExtensionService#_doActivateExtension naumovs.color-highlight {"startup":true,"extensionId":{"value":"naumovs.color-highlight","_lower":"naumovs.color-highlight"},"activationEvent":"*"}
[2020-11-18 01:41:51.082] [exthost] [info] ExtensionService#loadCommonJSModule file:///home/iqbaladudu/.vscode/extensions/naumovs.color-highlight-2.3.0/dist/extension
[2020-11-18 01:41:51.089] [exthost] [info] ExtensionService#_doActivateExtension oderwat.indent-rainbow {"startup":true,"extensionId":{"value":"oderwat.indent-rainbow","_lower":"oderwat.indent-rainbow"},"activationEvent":"*"}
[2020-11-18 01:41:51.089] [exthost] [info] ExtensionService#loadCommonJSModule file:///home/iqbaladudu/.vscode/extensions/oderwat.indent-rainbow-7.4.0/out/extension
[2020-11-18 01:41:51.091] [exthost] [info] ExtensionService#_doActivateExtension PKief.material-icon-theme {"startup":true,"extensionId":{"value":"PKief.material-icon-theme","_lower":"pkief.material-icon-theme"},"activationEvent":"*"}
[2020-11-18 01:41:51.091] [exthost] [info] ExtensionService#loadCommonJSModule file:///home/iqbaladudu/.vscode/extensions/pkief.material-icon-theme-4.4.0/dist/extension
[2020-11-18 01:41:51.095] [exthost] [info] ExtensionService#_doActivateExtension ritwickdey.LiveServer {"startup":true,"extensionId":{"value":"ritwickdey.LiveServer","_lower":"ritwickdey.liveserver"},"activationEvent":"*"}
[2020-11-18 01:41:51.095] [exthost] [info] ExtensionService#loadCommonJSModule file:///home/iqbaladudu/.vscode/extensions/ritwickdey.liveserver-5.6.1/out/src/extension
[2020-11-18 01:41:51.327] [exthost] [info] ExtensionService#_doActivateExtension vscode-icons-team.vscode-icons {"startup":true,"extensionId":{"value":"vscode-icons-team.vscode-icons","_lower":"vscode-icons-team.vscode-icons"},"activationEvent":"*"}
[2020-11-18 01:41:51.327] [exthost] [info] ExtensionService#loadCommonJSModule file:///home/iqbaladudu/.vscode/extensions/vscode-icons-team.vscode-icons-11.0.0/dist/src/vscode-icons.bundle.js
[2020-11-18 01:41:51.345] [exthost] [info] ExtensionService#_doActivateExtension WallabyJs.quokka-vscode {"startup":true,"extensionId":{"value":"WallabyJs.quokka-vscode","_lower":"wallabyjs.quokka-vscode"},"activationEvent":"*"}
[2020-11-18 01:41:51.345] [exthost] [info] ExtensionService#loadCommonJSModule file:///home/iqbaladudu/.vscode/extensions/wallabyjs.quokka-vscode-1.0.331/index
[2020-11-18 01:41:51.346] [exthost] [info] ExtensionService#_doActivateExtension Wscats.eno {"startup":true,"extensionId":{"value":"Wscats.eno","_lower":"wscats.eno"},"activationEvent":"*"}
[2020-11-18 01:41:51.346] [exthost] [info] ExtensionService#loadCommonJSModule file:///home/iqbaladudu/.vscode/extensions/wscats.eno-2.3.22/out/extension.js
[2020-11-18 01:41:52.623] [exthost] [info] ExtensionService#_doActivateExtension Zignd.html-css-class-completion {"startup":true,"extensionId":{"value":"Zignd.html-css-class-completion","_lower":"zignd.html-css-class-completion"},"activationEvent":"*"}
[2020-11-18 01:41:52.623] [exthost] [info] ExtensionService#loadCommonJSModule file:///home/iqbaladudu/.vscode/extensions/zignd.html-css-class-completion-1.19.0/out/src/extension
[2020-11-18 01:41:52.779] [exthost] [info] ExtensionService#_doActivateExtension vscode.npm {"startup":true,"extensionId":{"value":"vscode.npm","_lower":"vscode.npm"},"activationEvent":"workspaceContains:package.json"}
[2020-11-18 01:41:52.779] [exthost] [info] ExtensionService#loadCommonJSModule file:///usr/share/code/resources/app/extensions/npm/dist/npmMain
[2020-11-18 01:41:53.401] [exthost] [info] ExtensionService#_doActivateExtension msjsdiag.vscode-react-native {"startup":true,"extensionId":{"value":"msjsdiag.vscode-react-native","_lower":"msjsdiag.vscode-react-native"},"activationEvent":"workspaceContains:node_modules/react-native"}
[2020-11-18 01:41:53.401] [exthost] [info] ExtensionService#loadCommonJSModule file:///home/iqbaladudu/.vscode/extensions/msjsdiag.vscode-react-native-1.1.1/dist/rn-extension
[2020-11-18 01:41:55.185] [exthost] [info] ExtensionService#_doActivateExtension vscode.typescript-language-features {"startup":false,"extensionId":{"value":"vscode.typescript-language-features","_lower":"vscode.typescript-language-features"},"activationEvent":"onLanguage:javascript"}
[2020-11-18 01:41:55.185] [exthost] [info] ExtensionService#loadCommonJSModule file:///usr/share/code/resources/app/extensions/typescript-language-features/dist/extension
[2020-11-18 01:41:55.642] [exthost] [info] ExtensionService#_doActivateExtension christian-kohler.npm-intellisense {"startup":false,"extensionId":{"value":"christian-kohler.npm-intellisense","_lower":"christian-kohler.npm-intellisense"},"activationEvent":"onLanguage:javascript"}
[2020-11-18 01:41:55.642] [exthost] [info] ExtensionService#loadCommonJSModule file:///home/iqbaladudu/.vscode/extensions/christian-kohler.npm-intellisense-1.3.1/out/src/extension
[2020-11-18 01:41:56.505] [exthost] [info] ExtensionService#_doActivateExtension ecmel.vscode-html-css {"startup":false,"extensionId":{"value":"ecmel.vscode-html-css","_lower":"ecmel.vscode-html-css"},"activationEvent":"onLanguage:javascript"}
[2020-11-18 01:41:56.505] [exthost] [info] ExtensionService#loadCommonJSModule file:///home/iqbaladudu/.vscode/extensions/ecmel.vscode-html-css-0.2.3/dist/extension
[2020-11-18 01:41:56.743] [exthost] [info] ExtensionService#_doActivateExtension leizongmin.node-module-intellisense {"startup":false,"extensionId":{"value":"leizongmin.node-module-intellisense","_lower":"leizongmin.node-module-intellisense"},"activationEvent":"onLanguage:javascript"}
[2020-11-18 01:41:56.743] [exthost] [info] ExtensionService#loadCommonJSModule file:///home/iqbaladudu/.vscode/extensions/leizongmin.node-module-intellisense-1.5.0/out/src/extension
[2020-11-18 01:41:56.926] [exthost] [info] ExtensionService#_doActivateExtension VisualStudioExptTeam.vscodeintellicode {"startup":false,"extensionId":{"value":"VisualStudioExptTeam.vscodeintellicode","_lower":"visualstudioexptteam.vscodeintellicode"},"activationEvent":"onLanguage:javascript"}
[2020-11-18 01:41:56.926] [exthost] [info] ExtensionService#loadCommonJSModule file:///home/iqbaladudu/.vscode/extensions/visualstudioexptteam.vscodeintellicode-1.2.10/dist/intellicode
[2020-11-18 01:41:57.810] [exthost] [info] ExtensionService#_doActivateExtension vscode.github-authentication {"startup":false,"extensionId":{"value":"vscode.github-authentication","_lower":"vscode.github-authentication"},"activationEvent":"onAuthenticationRequest:github"}
[2020-11-18 01:41:57.810] [exthost] [info] ExtensionService#loadCommonJSModule file:///usr/share/code/resources/app/extensions/github-authentication/dist/extension.js
[2020-11-18 01:41:58.134] [exthost] [info] ExtensionService#_doActivateExtension vscode.configuration-editing {"startup":false,"extensionId":{"value":"vscode.configuration-editing","_lower":"vscode.configuration-editing"},"activationEvent":"onLanguage:jsonc"}
[2020-11-18 01:41:58.134] [exthost] [info] ExtensionService#loadCommonJSModule file:///usr/share/code/resources/app/extensions/configuration-editing/dist/configurationEditingMain
[2020-11-18 01:41:58.480] [exthost] [info] ExtensionService#_doActivateExtension vscode.json-language-features {"startup":false,"extensionId":{"value":"vscode.json-language-features","_lower":"vscode.json-language-features"},"activationEvent":"onLanguage:jsonc"}
[2020-11-18 01:41:58.480] [exthost] [info] ExtensionService#loadCommonJSModule file:///usr/share/code/resources/app/extensions/json-language-features/client/dist/node/jsonClientMain
[2020-11-18 01:42:00.816] [exthost] [info] ExtensionService#_doActivateExtension dbaeumer.vscode-eslint {"startup":false,"extensionId":{"value":"dbaeumer.vscode-eslint","_lower":"dbaeumer.vscode-eslint"},"activationEvent":"onStartupFinished"}
[2020-11-18 01:42:00.816] [exthost] [info] ExtensionService#loadCommonJSModule file:///home/iqbaladudu/.vscode/extensions/dbaeumer.vscode-eslint-2.1.13/client/out/extension
[2020-11-18 01:42:00.823] [exthost] [info] ExtensionService#_doActivateExtension esbenp.prettier-vscode {"startup":false,"extensionId":{"value":"esbenp.prettier-vscode","_lower":"esbenp.prettier-vscode"},"activationEvent":"onStartupFinished"}
[2020-11-18 01:42:00.823] [exthost] [info] ExtensionService#loadCommonJSModule file:///home/iqbaladudu/.vscode/extensions/esbenp.prettier-vscode-5.7.2/dist/extension
[2020-11-18 01:42:09.826] [exthost] [info] ExtensionService#_doActivateExtension vscode.github {"startup":true,"extensionId":{"value":"vscode.github","_lower":"vscode.github"},"activationEvent":"*"}
[2020-11-18 01:42:09.826] [exthost] [info] ExtensionService#loadCommonJSModule file:///usr/share/code/resources/app/extensions/github/dist/extension.js
[2020-11-18 01:42:09.842] [exthost] [info] eager extensions activated
[2020-11-18 01:48:29.220] [exthost] [info] ExtensionService#_doActivateExtension vscode.extension-editing {"startup":false,"extensionId":{"value":"vscode.extension-editing","_lower":"vscode.extension-editing"},"activationEvent":"onLanguage:typescript"}
[2020-11-18 01:48:29.220] [exthost] [info] ExtensionService#loadCommonJSModule file:///usr/share/code/resources/app/extensions/extension-editing/dist/extensionEditingMain
